[debug] [2025-08-16T04:14:22.258Z] ----------------------------------------------------------------------
[debug] [2025-08-16T04:14:22.267Z] Command:       C:\Program Files\nodejs\node.exe C:\Users\patil\AppData\Roaming\npm\node_modules\firebase-tools\lib\bin\firebase.js init
[debug] [2025-08-16T04:14:22.268Z] CLI Version:   14.12.1
[debug] [2025-08-16T04:14:22.268Z] Platform:      win32
[debug] [2025-08-16T04:14:22.269Z] Node Version:  v22.18.0
[debug] [2025-08-16T04:14:22.269Z] Time:          Sat Aug 16 2025 09:44:22 GMT+0530 (India Standard Time)
[debug] [2025-08-16T04:14:22.270Z] ----------------------------------------------------------------------
[debug] 
[debug] [2025-08-16T04:14:22.277Z] >>> [apiv2][query] GET https://firebase-public.firebaseio.com/cli.json [none]
[debug] [2025-08-16T04:14:22.396Z] > command requires scopes: ["email","openid","https://www.googleapis.com/auth/cloudplatformprojects.readonly","https://www.googleapis.com/auth/firebase","https://www.googleapis.com/auth/cloud-platform"]
[debug] [2025-08-16T04:14:22.397Z] > authorizing via signed-in user (patilsanchita2004@gmail.com)
[info] 
     ######## #### ########  ######## ########     ###     ######  ########
     ##        ##  ##     ## ##       ##     ##  ##   ##  ##       ##
     ######    ##  ########  ######   ########  #########  ######  ######
     ##        ##  ##    ##  ##       ##     ## ##     ##       ## ##
     ##       #### ##     ## ######## ########  ##     ##  ######  ########

You're about to initialize a Firebase project in this directory:

  C:\Users\patil\ChatApp

[debug] [2025-08-16T04:14:23.642Z] <<< [apiv2][status] GET https://firebase-public.firebaseio.com/cli.json 200
[debug] [2025-08-16T04:14:23.642Z] <<< [apiv2][body] GET https://firebase-public.firebaseio.com/cli.json {"cloudBuildErrorAfter":1594252800000,"cloudBuildWarnAfter":1590019200000,"defaultNode10After":1594252800000,"minVersion":"3.0.5","node8DeploysDisabledAfter":1613390400000,"node8RuntimeDisabledAfter":1615809600000,"node8WarnAfter":1600128000000}
[info] 
=== Project Setup
[info] 
[info] First, let's associate this project directory with a Firebase project.
[info] You can create multiple project aliases by running firebase use --add, 
[info] but for now we'll just set up a default project.
[info] 
[debug] [2025-08-16T04:16:01.707Z] Checked if tokens are valid: false, expires at: 1734946786320
[debug] [2025-08-16T04:16:01.707Z] Checked if tokens are valid: false, expires at: 1734946786320
[debug] [2025-08-16T04:16:01.708Z] > refreshing access token with scopes: []
[debug] [2025-08-16T04:16:01.710Z] >>> [apiv2][query] POST https://www.googleapis.com/oauth2/v3/token [none]
[debug] [2025-08-16T04:16:01.710Z] >>> [apiv2][body] POST https://www.googleapis.com/oauth2/v3/token [omitted]
[debug] [2025-08-16T04:16:02.259Z] <<< [apiv2][status] POST https://www.googleapis.com/oauth2/v3/token 200
[debug] [2025-08-16T04:16:02.260Z] <<< [apiv2][body] POST https://www.googleapis.com/oauth2/v3/token [omitted]
[debug] [2025-08-16T04:16:02.281Z] >>> [apiv2][query] GET https://firebase.googleapis.com/v1beta1/projects pageSize=100
[debug] [2025-08-16T04:16:03.379Z] <<< [apiv2][status] GET https://firebase.googleapis.com/v1beta1/projects 200
[debug] [2025-08-16T04:16:03.380Z] <<< [apiv2][body] GET https://firebase.googleapis.com/v1beta1/projects [omitted]
